<?xml version="1.0" encoding="UTF-8"?>
<testng-results skipped="0" failed="0" ignored="0" total="1" passed="1">
  <reporter-output>
  </reporter-output>
  <suite name="Default suite" duration-ms="19008" started-at="2019-08-25T00:36:34 IST" finished-at="2019-08-25T00:36:53 IST">
    <groups>
    </groups>
    <test name="Default test" duration-ms="19008" started-at="2019-08-25T00:36:34 IST" finished-at="2019-08-25T00:36:53 IST">
      <class name="TestCases.TC_02">
        <test-method status="PASS" signature="start()[pri:0, instance:TestCases.TC_02@515c6049]" name="start" is-config="true" duration-ms="9161" started-at="2019-08-25T00:36:34 IST" finished-at="2019-08-25T00:36:43 IST">
          <reporter-output>
          </reporter-output>
        </test-method> <!-- start -->
        <test-method status="PASS" signature="Login()[pri:0, instance:TestCases.TC_02@515c6049]" name="Login" duration-ms="9542" started-at="2019-08-25T00:36:43 IST" finished-at="2019-08-25T00:36:53 IST">
          <reporter-output>
          </reporter-output>
        </test-method> <!-- Login -->
        <test-method status="PASS" signature="tearDown()[pri:0, instance:TestCases.TC_02@515c6049]" name="tearDown" is-config="true" duration-ms="178" started-at="2019-08-25T00:36:53 IST" finished-at="2019-08-25T00:36:53 IST">
          <reporter-output>
          </reporter-output>
        </test-method> <!-- tearDown -->
      </class> <!-- TestCases.TC_02 -->
    </test> <!-- Default test -->
  </suite> <!-- Default suite -->
</testng-results>
